2018.04.26 13:19:35 INFO  ce[][o.s.p.ProcessEntryPoint] Starting ce
2018.04.26 13:19:35 INFO  ce[][o.s.ce.app.CeServer] Compute Engine starting up...
2018.04.26 13:19:37 INFO  ce[][o.e.plugins] [Mister Hyde] modules [], plugins [], sites []
2018.04.26 13:19:39 INFO  ce[][o.s.s.e.EsClientProvider] Connected to local Elasticsearch: [127.0.0.1:9001]
2018.04.26 13:19:39 INFO  ce[][o.sonar.db.Database] Create JDBC data source for jdbc:h2:tcp://127.0.0.1:9092/sonar
2018.04.26 13:19:39 WARN  ce[][o.s.d.DatabaseChecker] H2 database should be used for evaluation purpose only
2018.04.26 13:19:43 INFO  ce[][o.s.s.p.ServerFileSystemImpl] SonarQube home: C:\sonarqube-6.5
2018.04.26 13:19:44 INFO  ce[][o.s.c.c.CePluginRepository] Load plugins
2018.04.26 13:19:50 INFO  ce[][o.s.c.q.PurgeCeActivities] Delete the Compute Engine tasks created before Sat Oct 28 13:19:50 ART 2017
2018.04.26 13:19:50 INFO  ce[][o.s.ce.app.CeServer] Compute Engine is operational
2018.04.26 21:37:53 INFO  ce[][o.s.p.ProcessEntryPoint] Starting ce
2018.04.26 21:37:53 INFO  ce[][o.s.ce.app.CeServer] Compute Engine starting up...
2018.04.26 21:37:54 INFO  ce[][o.e.plugins] [Fin Fang Foom] modules [], plugins [], sites []
2018.04.26 21:37:55 INFO  ce[][o.s.s.e.EsClientProvider] Connected to local Elasticsearch: [127.0.0.1:9001]
2018.04.26 21:37:55 INFO  ce[][o.sonar.db.Database] Create JDBC data source for jdbc:h2:tcp://127.0.0.1:9092/sonar
2018.04.26 21:37:55 WARN  ce[][o.s.d.DatabaseChecker] H2 database should be used for evaluation purpose only
2018.04.26 21:37:56 INFO  ce[][o.s.s.p.ServerFileSystemImpl] SonarQube home: C:\Users\steffano\OneDrive\ORT\Ingenieria de Software 2\Obligatorio\Proyecto\sonarqube-6.5
2018.04.26 21:37:56 INFO  ce[][o.s.c.c.CePluginRepository] Load plugins
2018.04.26 21:37:58 INFO  ce[][o.s.c.q.PurgeCeActivities] Delete the Compute Engine tasks created before Sat Oct 28 21:37:58 UYST 2017
2018.04.26 21:37:58 INFO  ce[][o.s.ce.app.CeServer] Compute Engine is operational
2018.04.26 21:43:45 INFO  ce[][o.s.ce.app.CeServer] Compute Engine shutting down...
