2018.04.26 13:18:29 INFO  es[][o.s.p.ProcessEntryPoint] Starting es
2018.04.26 13:18:29 INFO  es[][o.s.s.EsSettings] Elasticsearch listening on /127.0.0.1:9001
2018.04.26 13:18:30 INFO  es[][o.elasticsearch.node] [sonarqube] version[2.4.4], pid[5372], build[fcbb46d/2017-01-03T11:33:16Z]
2018.04.26 13:18:30 INFO  es[][o.elasticsearch.node] [sonarqube] initializing ...
2018.04.26 13:18:30 INFO  es[][o.e.plugins] [sonarqube] modules [], plugins [], sites []
2018.04.26 13:18:30 INFO  es[][o.elasticsearch.env] [sonarqube] using [1] data paths, mounts [[(C:)]], net usable_space [3.7gb], net total_space [55.8gb], spins? [unknown], types [NTFS]
2018.04.26 13:18:30 INFO  es[][o.elasticsearch.env] [sonarqube] heap size [990.7mb], compressed ordinary object pointers [true]
2018.04.26 13:18:33 INFO  es[][o.elasticsearch.node] [sonarqube] initialized
2018.04.26 13:18:33 INFO  es[][o.elasticsearch.node] [sonarqube] starting ...
2018.04.26 13:18:33 INFO  es[][o.e.transport] [sonarqube] publish_address {127.0.0.1:9001}, bound_addresses {127.0.0.1:9001}
2018.04.26 13:18:33 INFO  es[][o.e.discovery] [sonarqube] sonarqube/qUP3We1hQW2Wi9GXjpR91Q
2018.04.26 13:18:37 INFO  es[][o.e.cluster.service] [sonarqube] new_master {sonarqube}{qUP3We1hQW2Wi9GXjpR91Q}{127.0.0.1}{127.0.0.1:9001}{rack_id=sonarqube, master=true}, reason: zen-disco-join(elected_as_master, [0] joins received)
2018.04.26 13:18:37 INFO  es[][o.elasticsearch.node] [sonarqube] started
2018.04.26 13:18:37 INFO  es[][o.e.gateway] [sonarqube] recovered [0] indices into cluster_state
2018.04.26 13:18:52 INFO  es[][o.e.cluster.metadata] [sonarqube] [components] creating index, cause [api], templates [], shards [5]/[0], mappings []
2018.04.26 13:18:53 INFO  es[][o.e.c.r.allocation] [sonarqube] Cluster health status changed from [RED] to [GREEN] (reason: [shards started [[components][4]] ...]).
2018.04.26 13:18:54 INFO  es[][o.e.cluster.metadata] [sonarqube] [components] create_mapping [component]
2018.04.26 13:18:54 INFO  es[][o.e.cluster.metadata] [sonarqube] [components] create_mapping [authorization]
2018.04.26 13:18:54 INFO  es[][o.e.cluster.metadata] [sonarqube] [tests] creating index, cause [api], templates [], shards [5]/[0], mappings []
2018.04.26 13:18:54 INFO  es[][o.e.c.r.allocation] [sonarqube] Cluster health status changed from [RED] to [GREEN] (reason: [shards started [[tests][4]] ...]).
2018.04.26 13:18:54 INFO  es[][o.e.cluster.metadata] [sonarqube] [tests] create_mapping [test]
2018.04.26 13:18:54 INFO  es[][o.e.cluster.metadata] [sonarqube] [projectmeasures] creating index, cause [api], templates [], shards [5]/[0], mappings []
2018.04.26 13:18:54 INFO  es[][o.e.c.r.allocation] [sonarqube] Cluster health status changed from [RED] to [GREEN] (reason: [shards started [[projectmeasures][4]] ...]).
2018.04.26 13:18:54 INFO  es[][o.e.cluster.metadata] [sonarqube] [projectmeasures] create_mapping [projectmeasure]
2018.04.26 13:18:54 INFO  es[][o.e.cluster.metadata] [sonarqube] [projectmeasures] create_mapping [authorization]
2018.04.26 13:18:54 INFO  es[][o.e.cluster.metadata] [sonarqube] [rules] creating index, cause [api], templates [], shards [2]/[0], mappings []
2018.04.26 13:18:54 INFO  es[][o.e.c.r.allocation] [sonarqube] Cluster health status changed from [RED] to [GREEN] (reason: [shards started [[rules][0], [rules][0]] ...]).
2018.04.26 13:18:54 INFO  es[][o.e.cluster.metadata] [sonarqube] [rules] create_mapping [activeRule]
2018.04.26 13:18:54 INFO  es[][o.e.cluster.metadata] [sonarqube] [rules] create_mapping [ruleExtension]
2018.04.26 13:18:55 INFO  es[][o.e.cluster.metadata] [sonarqube] [rules] create_mapping [rule]
2018.04.26 13:18:55 INFO  es[][o.e.cluster.metadata] [sonarqube] [issues] creating index, cause [api], templates [], shards [5]/[0], mappings []
2018.04.26 13:18:55 INFO  es[][o.e.c.r.allocation] [sonarqube] Cluster health status changed from [RED] to [GREEN] (reason: [shards started [[issues][1], [issues][1]] ...]).
2018.04.26 13:18:55 INFO  es[][o.e.cluster.metadata] [sonarqube] [issues] create_mapping [issue]
2018.04.26 13:18:55 INFO  es[][o.e.cluster.metadata] [sonarqube] [issues] create_mapping [authorization]
2018.04.26 13:18:55 INFO  es[][o.e.cluster.metadata] [sonarqube] [users] creating index, cause [api], templates [], shards [1]/[0], mappings []
2018.04.26 13:18:55 INFO  es[][o.e.c.r.allocation] [sonarqube] Cluster health status changed from [RED] to [GREEN] (reason: [shards started [[users][0]] ...]).
2018.04.26 13:18:55 INFO  es[][o.e.cluster.metadata] [sonarqube] [users] create_mapping [user]
2018.04.26 13:18:55 INFO  es[][o.e.cluster.metadata] [sonarqube] [views] creating index, cause [api], templates [], shards [5]/[0], mappings []
2018.04.26 13:18:56 INFO  es[][o.e.c.r.allocation] [sonarqube] Cluster health status changed from [RED] to [GREEN] (reason: [shards started [[views][4]] ...]).
2018.04.26 13:18:56 INFO  es[][o.e.cluster.metadata] [sonarqube] [views] create_mapping [view]
2018.04.26 13:19:08 WARN  es[][o.e.c.r.a.decider] [sonarqube] high disk watermark [90%] exceeded on [qUP3We1hQW2Wi9GXjpR91Q][sonarqube][C:\sonarqube-6.5\data\es\sonarqube\nodes\0] free: 3.5gb[6.3%], shards will be relocated away from this node
2018.04.26 13:19:08 INFO  es[][o.e.c.r.a.decider] [sonarqube] rerouting shards: [high disk watermark exceeded on one or more nodes]
2018.04.26 13:19:26 INFO  es[][o.e.cluster.metadata] [sonarqube] closing indices [[rules]]
2018.04.26 13:19:26 INFO  es[][o.e.cluster.metadata] [sonarqube] opening indices [[rules]]
2018.04.26 13:19:26 INFO  es[][o.e.c.r.allocation] [sonarqube] Cluster health status changed from [RED] to [GREEN] (reason: [shards started [[rules][0]] ...]).
2018.04.26 13:19:30 INFO  es[][o.e.cluster.metadata] [sonarqube] closing indices [[rules]]
2018.04.26 13:19:30 INFO  es[][o.e.cluster.metadata] [sonarqube] opening indices [[rules]]
2018.04.26 13:19:30 INFO  es[][o.e.c.r.allocation] [sonarqube] Cluster health status changed from [RED] to [GREEN] (reason: [shards started [[rules][0]] ...]).
2018.04.26 13:19:30 INFO  es[][o.e.cluster.metadata] [sonarqube] closing indices [[rules]]
2018.04.26 13:19:30 INFO  es[][o.e.cluster.metadata] [sonarqube] opening indices [[rules]]
2018.04.26 13:19:30 INFO  es[][o.e.c.r.allocation] [sonarqube] Cluster health status changed from [RED] to [GREEN] (reason: [shards started [[rules][0]] ...]).
2018.04.26 13:19:30 INFO  es[][o.e.index.shard] [sonarqube] [users][0] updating refresh_interval from [30s] to [-1]
2018.04.26 13:19:30 INFO  es[][o.e.index.shard] [sonarqube] [users][0] updating refresh_interval from [-1] to [30s]
2018.04.26 13:19:30 INFO  es[][o.e.cluster.metadata] [sonarqube] closing indices [[users]]
2018.04.26 13:19:30 INFO  es[][o.e.cluster.metadata] [sonarqube] opening indices [[users]]
2018.04.26 13:19:31 INFO  es[][o.e.c.r.allocation] [sonarqube] Cluster health status changed from [RED] to [GREEN] (reason: [shards started [[users][0]] ...]).
2018.04.26 13:19:31 INFO  es[][o.e.cluster.metadata] [sonarqube] closing indices [[components]]
2018.04.26 13:19:31 INFO  es[][o.e.cluster.metadata] [sonarqube] opening indices [[components]]
2018.04.26 13:19:31 INFO  es[][o.e.c.r.allocation] [sonarqube] Cluster health status changed from [RED] to [GREEN] (reason: [shards started [[components][0]] ...]).
2018.04.26 13:19:31 INFO  es[][o.e.index.shard] [sonarqube] [views][3] updating refresh_interval from [30s] to [-1]
2018.04.26 13:19:31 INFO  es[][o.e.index.shard] [sonarqube] [views][1] updating refresh_interval from [30s] to [-1]
2018.04.26 13:19:31 INFO  es[][o.e.index.shard] [sonarqube] [views][2] updating refresh_interval from [30s] to [-1]
2018.04.26 13:19:31 INFO  es[][o.e.index.shard] [sonarqube] [views][0] updating refresh_interval from [30s] to [-1]
2018.04.26 13:19:31 INFO  es[][o.e.index.shard] [sonarqube] [views][4] updating refresh_interval from [30s] to [-1]
2018.04.26 13:19:31 INFO  es[][o.e.index.shard] [sonarqube] [views][3] updating refresh_interval from [-1] to [30s]
2018.04.26 13:19:31 INFO  es[][o.e.index.shard] [sonarqube] [views][1] updating refresh_interval from [-1] to [30s]
2018.04.26 13:19:31 INFO  es[][o.e.index.shard] [sonarqube] [views][2] updating refresh_interval from [-1] to [30s]
2018.04.26 13:19:31 INFO  es[][o.e.index.shard] [sonarqube] [views][0] updating refresh_interval from [-1] to [30s]
2018.04.26 13:19:31 INFO  es[][o.e.index.shard] [sonarqube] [views][4] updating refresh_interval from [-1] to [30s]
2018.04.26 13:19:31 INFO  es[][o.e.cluster.metadata] [sonarqube] closing indices [[views]]
2018.04.26 13:19:31 INFO  es[][o.e.cluster.metadata] [sonarqube] opening indices [[views]]
2018.04.26 13:19:31 INFO  es[][o.e.c.r.allocation] [sonarqube] Cluster health status changed from [RED] to [GREEN] (reason: [shards started [[views][2]] ...]).
2018.04.26 13:19:31 INFO  es[][o.e.cluster.metadata] [sonarqube] closing indices [[issues]]
2018.04.26 13:19:32 INFO  es[][o.e.cluster.metadata] [sonarqube] opening indices [[issues]]
2018.04.26 13:19:32 INFO  es[][o.e.c.r.allocation] [sonarqube] Cluster health status changed from [RED] to [GREEN] (reason: [shards started [[issues][0]] ...]).
2018.04.26 13:19:32 INFO  es[][o.e.cluster.metadata] [sonarqube] closing indices [[components]]
2018.04.26 13:19:32 INFO  es[][o.e.cluster.metadata] [sonarqube] opening indices [[components]]
2018.04.26 13:19:32 INFO  es[][o.e.c.r.allocation] [sonarqube] Cluster health status changed from [RED] to [GREEN] (reason: [shards started [[components][3], [components][4]] ...]).
2018.04.26 13:19:32 INFO  es[][o.e.cluster.metadata] [sonarqube] closing indices [[projectmeasures]]
2018.04.26 13:19:32 INFO  es[][o.e.cluster.metadata] [sonarqube] opening indices [[projectmeasures]]
2018.04.26 13:19:32 INFO  es[][o.e.c.r.allocation] [sonarqube] Cluster health status changed from [RED] to [GREEN] (reason: [shards started [[projectmeasures][2], [projectmeasures][2], [projectmeasures][0]] ...]).
2018.04.26 13:19:32 INFO  es[][o.e.cluster.metadata] [sonarqube] closing indices [[issues]]
2018.04.26 13:19:32 INFO  es[][o.e.cluster.metadata] [sonarqube] opening indices [[issues]]
2018.04.26 13:19:33 INFO  es[][o.e.c.r.allocation] [sonarqube] Cluster health status changed from [RED] to [GREEN] (reason: [shards started [[issues][4]] ...]).
2018.04.26 13:19:33 INFO  es[][o.e.cluster.metadata] [sonarqube] closing indices [[tests]]
2018.04.26 13:19:33 INFO  es[][o.e.cluster.metadata] [sonarqube] opening indices [[tests]]
2018.04.26 13:19:33 INFO  es[][o.e.c.r.allocation] [sonarqube] Cluster health status changed from [RED] to [GREEN] (reason: [shards started [[tests][0]] ...]).
2018.04.26 13:19:33 INFO  es[][o.e.cluster.metadata] [sonarqube] closing indices [[projectmeasures]]
2018.04.26 13:19:33 INFO  es[][o.e.cluster.metadata] [sonarqube] opening indices [[projectmeasures]]
2018.04.26 13:19:33 INFO  es[][o.e.c.r.allocation] [sonarqube] Cluster health status changed from [RED] to [GREEN] (reason: [shards started [[projectmeasures][3]] ...]).
2018.04.26 13:19:38 WARN  es[][o.e.c.r.a.decider] [sonarqube] high disk watermark [90%] exceeded on [qUP3We1hQW2Wi9GXjpR91Q][sonarqube][C:\sonarqube-6.5\data\es\sonarqube\nodes\0] free: 3.5gb[6.3%], shards will be relocated away from this node
2018.04.26 13:20:09 WARN  es[][o.e.c.r.a.decider] [sonarqube] high disk watermark [90%] exceeded on [qUP3We1hQW2Wi9GXjpR91Q][sonarqube][C:\sonarqube-6.5\data\es\sonarqube\nodes\0] free: 3.3gb[6%], shards will be relocated away from this node
2018.04.26 13:20:09 INFO  es[][o.e.c.r.a.decider] [sonarqube] rerouting shards: [high disk watermark exceeded on one or more nodes]
2018.04.26 13:20:39 WARN  es[][o.e.c.r.a.decider] [sonarqube] high disk watermark [90%] exceeded on [qUP3We1hQW2Wi9GXjpR91Q][sonarqube][C:\sonarqube-6.5\data\es\sonarqube\nodes\0] free: 3.3gb[6%], shards will be relocated away from this node
2018.04.26 13:21:09 WARN  es[][o.e.c.r.a.decider] [sonarqube] high disk watermark [90%] exceeded on [qUP3We1hQW2Wi9GXjpR91Q][sonarqube][C:\sonarqube-6.5\data\es\sonarqube\nodes\0] free: 3.3gb[6%], shards will be relocated away from this node
2018.04.26 13:21:09 INFO  es[][o.e.c.r.a.decider] [sonarqube] rerouting shards: [high disk watermark exceeded on one or more nodes]
2018.04.26 21:37:33 INFO  es[][o.s.p.ProcessEntryPoint] Starting es
2018.04.26 21:37:33 INFO  es[][o.s.s.EsSettings] Elasticsearch listening on /127.0.0.1:9001
2018.04.26 21:37:33 INFO  es[][o.elasticsearch.node] [sonarqube] version[2.4.4], pid[10188], build[fcbb46d/2017-01-03T11:33:16Z]
2018.04.26 21:37:33 INFO  es[][o.elasticsearch.node] [sonarqube] initializing ...
2018.04.26 21:37:33 INFO  es[][o.e.plugins] [sonarqube] modules [], plugins [], sites []
2018.04.26 21:37:33 INFO  es[][o.elasticsearch.env] [sonarqube] using [1] data paths, mounts [[Windows8_OS (C:)]], net usable_space [99.3gb], net total_space [205.5gb], spins? [unknown], types [NTFS]
2018.04.26 21:37:33 INFO  es[][o.elasticsearch.env] [sonarqube] heap size [989.8mb], compressed ordinary object pointers [true]
2018.04.26 21:37:35 INFO  es[][o.elasticsearch.node] [sonarqube] initialized
2018.04.26 21:37:35 INFO  es[][o.elasticsearch.node] [sonarqube] starting ...
2018.04.26 21:37:35 INFO  es[][o.e.transport] [sonarqube] publish_address {127.0.0.1:9001}, bound_addresses {127.0.0.1:9001}
2018.04.26 21:37:35 INFO  es[][o.e.discovery] [sonarqube] sonarqube/c2VXsVYUTbuwune8W26MWQ
2018.04.26 21:37:39 INFO  es[][o.e.cluster.service] [sonarqube] new_master {sonarqube}{c2VXsVYUTbuwune8W26MWQ}{127.0.0.1}{127.0.0.1:9001}{rack_id=sonarqube, master=true}, reason: zen-disco-join(elected_as_master, [0] joins received)
2018.04.26 21:37:39 INFO  es[][o.elasticsearch.node] [sonarqube] started
2018.04.26 21:37:39 INFO  es[][o.e.gateway] [sonarqube] recovered [7] indices into cluster_state
2018.04.26 21:37:40 INFO  es[][o.e.c.r.allocation] [sonarqube] Cluster health status changed from [RED] to [GREEN] (reason: [shards started [[components][1], [components][1]] ...]).
2018.04.26 21:43:45 INFO  es[][o.elasticsearch.node] [sonarqube] stopping ...
2018.04.26 21:43:45 INFO  es[][o.elasticsearch.node] [sonarqube] stopped
2018.04.26 21:43:45 INFO  es[][o.elasticsearch.node] [sonarqube] closing ...
2018.04.26 21:43:45 INFO  es[][o.elasticsearch.node] [sonarqube] closed
